\BOOKMARK [1][-]{section.1}{Derivatives: Definitions and Uses}{}% 1
\BOOKMARK [2][-]{subsection.1.1}{Definitions}{section.1}% 2
\BOOKMARK [2][-]{subsection.1.2}{Uses}{section.1}% 3
\BOOKMARK [1][-]{section.2}{Structure of Derivative Markets}{}% 4
\BOOKMARK [2][-]{subsection.2.1}{Exchange-Traded Derivatives Markets}{section.2}% 5
\BOOKMARK [2][-]{subsection.2.2}{Over-the-Counter Derivatives Markets}{section.2}% 6
\BOOKMARK [1][-]{section.3}{Types of Derivatives}{}% 7
\BOOKMARK [2][-]{subsection.3.1}{Forward Commitments}{section.3}% 8
\BOOKMARK [3][-]{subsubsection.3.1.1}{Forward Contracts}{subsection.3.1}% 9
\BOOKMARK [3][-]{subsubsection.3.1.2}{Futures Contracts}{subsection.3.1}% 10
\BOOKMARK [3][-]{subsubsection.3.1.3}{Swaps}{subsection.3.1}% 11
\BOOKMARK [2][-]{subsection.3.2}{Contingent Claims}{section.3}% 12
\BOOKMARK [3][-]{subsubsection.3.2.1}{Options}{subsection.3.2}% 13
\BOOKMARK [3][-]{subsubsection.3.2.2}{Credit Derivatives}{subsection.3.2}% 14
\BOOKMARK [3][-]{subsubsection.3.2.3}{Asset-Backed Securities}{subsection.3.2}% 15
\BOOKMARK [2][-]{subsection.3.3}{Hybrids}{section.3}% 16
\BOOKMARK [1][-]{section.4}{Purposes and Benefits of Derivatives}{}% 17
\BOOKMARK [2][-]{subsection.4.1}{Risk Allocation, Transfer and Management}{section.4}% 18
\BOOKMARK [2][-]{subsection.4.2}{Information Discovery}{section.4}% 19
\BOOKMARK [2][-]{subsection.4.3}{Operational Advantages}{section.4}% 20
\BOOKMARK [2][-]{subsection.4.4}{Market Efficiency}{section.4}% 21
\BOOKMARK [1][-]{section.5}{Other Properties fo Derivatives}{}% 22
\BOOKMARK [2][-]{subsection.5.1}{Storage}{section.5}% 23
\BOOKMARK [1][-]{section*.8}{References}{}% 24
